2025-11-08 01:35:38 - INFO - CURSO_ACTUAL has no null values fact_prog_acad
2025-11-08 01:35:38 - INFO - PERIODO_FRANJA has no null values fact_prog_acad
2025-11-08 01:35:38 - INFO - LINEA_DE_NEGOCIO has no null values fact_prog_acad
2025-11-08 01:35:38 - INFO - VAC_ACAD_ESTANDAR has no null values fact_prog_acad
2025-11-08 01:35:38 - INFO - DIAS has no null values fact_prog_acad
2025-11-08 01:35:38 - INFO - CURSO_ACTUAL has no null values fact_predict
2025-11-08 01:35:38 - INFO - PERIODO_FRANJA has no null values fact_predict
2025-11-08 01:35:38 - INFO - LINEA_DE_NEGOCIO has no null values fact_predict
2025-11-08 01:35:38 - INFO - VAC_ACAD_ESTANDAR has no null values fact_predict
2025-11-08 01:35:38 - INFO - DIAS has no null values fact_predict
2025-11-08 01:35:38 - INFO - AFORO has no null values
2025-11-08 01:35:38 - INFO - REWARD has no null values
2025-11-08 01:35:38 - INFO - MIN and MAX has no null values
2025-11-08 01:35:38 - INFO - START and END are in time
2025-11-08 01:35:38 - INFO - START and END has no null values
2025-11-08 01:35:38 - INFO - START and END are in time
2025-11-08 01:35:38 - INFO - FLAG_REWARD has no null values
2025-11-08 01:40:12 - INFO - CURSO_ACTUAL has no null values fact_prog_acad
2025-11-08 01:40:12 - INFO - PERIODO_FRANJA has no null values fact_prog_acad
2025-11-08 01:40:12 - INFO - LINEA_DE_NEGOCIO has no null values fact_prog_acad
2025-11-08 01:40:12 - INFO - VAC_ACAD_ESTANDAR has no null values fact_prog_acad
2025-11-08 01:40:12 - INFO - DIAS has no null values fact_prog_acad
2025-11-08 01:40:12 - INFO - CURSO_ACTUAL has no null values fact_predict
2025-11-08 01:40:12 - INFO - PERIODO_FRANJA has no null values fact_predict
2025-11-08 01:40:12 - INFO - LINEA_DE_NEGOCIO has no null values fact_predict
2025-11-08 01:40:12 - INFO - VAC_ACAD_ESTANDAR has no null values fact_predict
2025-11-08 01:40:12 - INFO - DIAS has no null values fact_predict
2025-11-08 01:40:12 - INFO - AFORO has no null values
2025-11-08 01:40:12 - INFO - REWARD has no null values
2025-11-08 01:40:12 - INFO - MIN and MAX has no null values
2025-11-08 01:40:12 - INFO - START and END are in time
2025-11-08 01:40:12 - INFO - START and END has no null values
2025-11-08 01:40:12 - INFO - START and END are in time
2025-11-08 01:40:13 - INFO - FLAG_REWARD has no null values
2025-11-08 01:40:22 - INFO - CURSO_ACTUAL has no null values fact_prog_acad
2025-11-08 01:40:22 - INFO - PERIODO_FRANJA has no null values fact_prog_acad
2025-11-08 01:40:22 - INFO - LINEA_DE_NEGOCIO has no null values fact_prog_acad
2025-11-08 01:40:22 - INFO - VAC_ACAD_ESTANDAR has no null values fact_prog_acad
2025-11-08 01:40:22 - INFO - DIAS has no null values fact_prog_acad
2025-11-08 01:40:22 - INFO - CURSO_ACTUAL has no null values fact_predict
2025-11-08 01:40:22 - INFO - PERIODO_FRANJA has no null values fact_predict
2025-11-08 01:40:22 - INFO - LINEA_DE_NEGOCIO has no null values fact_predict
2025-11-08 01:40:22 - INFO - VAC_ACAD_ESTANDAR has no null values fact_predict
2025-11-08 01:40:23 - INFO - DIAS has no null values fact_predict
2025-11-08 01:40:23 - INFO - AFORO has no null values
2025-11-08 01:40:23 - INFO - REWARD has no null values
2025-11-08 01:40:23 - INFO - MIN and MAX has no null values
2025-11-08 01:40:23 - INFO - START and END are in time
2025-11-08 01:40:23 - INFO - START and END has no null values
2025-11-08 01:40:23 - INFO - START and END are in time
2025-11-08 01:40:23 - INFO - FLAG_REWARD has no null values
2025-11-08 01:41:21 - INFO - CURSO_ACTUAL has no null values fact_prog_acad
2025-11-08 01:41:21 - INFO - PERIODO_FRANJA has no null values fact_prog_acad
2025-11-08 01:41:21 - INFO - LINEA_DE_NEGOCIO has no null values fact_prog_acad
2025-11-08 01:41:21 - INFO - VAC_ACAD_ESTANDAR has no null values fact_prog_acad
2025-11-08 01:41:21 - INFO - DIAS has no null values fact_prog_acad
2025-11-08 01:41:21 - INFO - CURSO_ACTUAL has no null values fact_predict
2025-11-08 01:41:21 - INFO - PERIODO_FRANJA has no null values fact_predict
2025-11-08 01:41:21 - INFO - LINEA_DE_NEGOCIO has no null values fact_predict
2025-11-08 01:41:21 - INFO - VAC_ACAD_ESTANDAR has no null values fact_predict
2025-11-08 01:41:22 - INFO - DIAS has no null values fact_predict
2025-11-08 01:41:22 - INFO - AFORO has no null values
2025-11-08 01:41:22 - INFO - REWARD has no null values
2025-11-08 01:41:22 - INFO - MIN and MAX has no null values
2025-11-08 01:41:22 - INFO - START and END are in time
2025-11-08 01:41:22 - INFO - START and END has no null values
2025-11-08 01:41:22 - INFO - START and END are in time
2025-11-08 01:41:22 - INFO - FLAG_REWARD has no null values
2025-11-11 00:55:43 - INFO - CURSO_ACTUAL has no null values fact_prog_acad
2025-11-11 00:55:44 - INFO - PERIODO_FRANJA has no null values fact_prog_acad
2025-11-11 00:55:44 - INFO - LINEA_DE_NEGOCIO has no null values fact_prog_acad
2025-11-11 00:55:44 - INFO - VAC_ACAD_ESTANDAR has no null values fact_prog_acad
2025-11-11 00:55:44 - INFO - DIAS has no null values fact_prog_acad
2025-11-11 00:55:44 - INFO - CURSO_ACTUAL has no null values fact_predict
2025-11-11 00:55:44 - INFO - PERIODO_FRANJA has no null values fact_predict
2025-11-11 00:55:44 - INFO - LINEA_DE_NEGOCIO has no null values fact_predict
2025-11-11 00:55:44 - INFO - VAC_ACAD_ESTANDAR has no null values fact_predict
2025-11-11 00:55:44 - INFO - DIAS has no null values fact_predict
2025-11-11 00:55:44 - INFO - AFORO has no null values
2025-11-11 00:55:44 - INFO - REWARD has no null values
2025-11-11 00:55:44 - INFO - MIN and MAX has no null values
2025-11-11 00:55:44 - INFO - START and END are in time
2025-11-11 00:55:44 - INFO - START and END has no null values
2025-11-11 00:55:44 - INFO - START and END are in time
2025-11-11 00:55:44 - INFO - FLAG_REWARD has no null values
2025-11-14 00:17:03 - INFO - CURSO_ACTUAL has no null values fact_prog_acad
2025-11-14 00:17:04 - INFO - PERIODO_FRANJA has no null values fact_prog_acad
2025-11-14 00:17:04 - INFO - LINEA_DE_NEGOCIO has no null values fact_prog_acad
2025-11-14 00:17:04 - INFO - VAC_ACAD_ESTANDAR has no null values fact_prog_acad
2025-11-14 00:17:04 - INFO - DIAS has no null values fact_prog_acad
2025-11-14 00:17:04 - INFO - CURSO_ACTUAL has no null values fact_predict
2025-11-14 00:17:04 - INFO - PERIODO_FRANJA has no null values fact_predict
2025-11-14 00:17:04 - INFO - LINEA_DE_NEGOCIO has no null values fact_predict
2025-11-14 00:17:04 - INFO - VAC_ACAD_ESTANDAR has no null values fact_predict
2025-11-14 00:17:04 - INFO - DIAS has no null values fact_predict
2025-11-14 00:17:04 - INFO - AFORO has no null values
2025-11-14 00:17:04 - INFO - REWARD has no null values
2025-11-14 00:17:04 - INFO - MIN and MAX has no null values
2025-11-14 00:17:04 - INFO - START and END are in time
2025-11-14 00:17:04 - INFO - START and END has no null values
2025-11-14 00:17:04 - INFO - START and END are in time
2025-11-14 00:17:04 - INFO - FLAG_REWARD has no null values
2025-11-14 01:43:10 - INFO - CURSO_ACTUAL has no null values fact_prog_acad
2025-11-14 01:43:10 - INFO - PERIODO_FRANJA has no null values fact_prog_acad
2025-11-14 01:43:10 - INFO - LINEA_DE_NEGOCIO has no null values fact_prog_acad
2025-11-14 01:43:10 - INFO - VAC_ACAD_ESTANDAR has no null values fact_prog_acad
2025-11-14 01:43:10 - INFO - DIAS has no null values fact_prog_acad
2025-11-14 01:43:10 - INFO - CURSO_ACTUAL has no null values fact_predict
2025-11-14 01:43:10 - INFO - PERIODO_FRANJA has no null values fact_predict
2025-11-14 01:43:10 - INFO - LINEA_DE_NEGOCIO has no null values fact_predict
2025-11-14 01:43:10 - INFO - VAC_ACAD_ESTANDAR has no null values fact_predict
2025-11-14 01:43:10 - INFO - DIAS has no null values fact_predict
2025-11-14 01:43:10 - INFO - AFORO has no null values
2025-11-14 01:43:10 - INFO - REWARD has no null values
2025-11-14 01:43:10 - INFO - MIN and MAX has no null values
2025-11-14 01:43:10 - INFO - START and END are in time
2025-11-14 01:43:10 - INFO - START and END has no null values
2025-11-14 01:43:10 - INFO - START and END are in time
2025-11-14 01:43:10 - INFO - FLAG_REWARD has no null values
2025-11-14 18:04:45 - INFO - CURSO_ACTUAL has no null values fact_prog_acad
2025-11-14 18:04:45 - INFO - PERIODO_FRANJA has no null values fact_prog_acad
2025-11-14 18:04:45 - INFO - LINEA_DE_NEGOCIO has no null values fact_prog_acad
2025-11-14 18:04:45 - INFO - VAC_ACAD_ESTANDAR has no null values fact_prog_acad
2025-11-14 18:04:45 - INFO - DIAS has no null values fact_prog_acad
2025-11-14 18:04:45 - INFO - CURSO_ACTUAL has no null values fact_predict
2025-11-14 18:04:45 - INFO - PERIODO_FRANJA has no null values fact_predict
2025-11-14 18:04:45 - INFO - LINEA_DE_NEGOCIO has no null values fact_predict
2025-11-14 18:04:45 - INFO - VAC_ACAD_ESTANDAR has no null values fact_predict
2025-11-14 18:04:45 - INFO - DIAS has no null values fact_predict
2025-11-14 18:04:45 - INFO - AFORO has no null values
2025-11-14 18:04:45 - INFO - REWARD has no null values
2025-11-14 18:04:45 - INFO - MIN and MAX has no null values
2025-11-14 18:04:45 - INFO - START and END are in time
2025-11-14 18:04:45 - INFO - START and END has no null values
2025-11-14 18:04:45 - INFO - START and END are in time
2025-11-14 18:04:45 - INFO - FLAG_REWARD has no null values
2025-11-19 15:11:22 - INFO - CURSO_ACTUAL has no null values fact_prog_acad
2025-11-19 15:11:22 - INFO - PERIODO_FRANJA has no null values fact_prog_acad
2025-11-19 15:11:22 - INFO - LINEA_DE_NEGOCIO has no null values fact_prog_acad
2025-11-19 15:11:22 - INFO - VAC_ACAD_ESTANDAR has no null values fact_prog_acad
2025-11-19 15:11:22 - INFO - DIAS has no null values fact_prog_acad
2025-11-19 15:11:22 - INFO - CURSO_ACTUAL has no null values fact_predict
2025-11-19 15:11:22 - INFO - PERIODO_FRANJA has no null values fact_predict
2025-11-19 15:11:22 - INFO - LINEA_DE_NEGOCIO has no null values fact_predict
2025-11-19 15:11:22 - INFO - VAC_ACAD_ESTANDAR has no null values fact_predict
2025-11-19 15:11:22 - INFO - DIAS has no null values fact_predict
2025-11-19 15:11:22 - INFO - AFORO has no null values
2025-11-19 15:11:22 - INFO - REWARD has no null values
2025-11-19 15:11:22 - INFO - MIN and MAX has no null values
2025-11-19 15:11:22 - INFO - START and END are in time
2025-11-19 15:11:22 - INFO - START and END has no null values
2025-11-19 15:11:22 - INFO - START and END are in time
2025-11-19 15:11:22 - INFO - FLAG_REWARD has no null values
2025-11-19 15:12:14 - INFO - CURSO_ACTUAL has no null values fact_prog_acad
2025-11-19 15:12:14 - INFO - PERIODO_FRANJA has no null values fact_prog_acad
2025-11-19 15:12:14 - INFO - LINEA_DE_NEGOCIO has no null values fact_prog_acad
2025-11-19 15:12:14 - INFO - VAC_ACAD_ESTANDAR has no null values fact_prog_acad
2025-11-19 15:12:14 - INFO - DIAS has no null values fact_prog_acad
2025-11-19 15:12:14 - INFO - CURSO_ACTUAL has no null values fact_predict
2025-11-19 15:12:14 - INFO - PERIODO_FRANJA has no null values fact_predict
2025-11-19 15:12:14 - INFO - LINEA_DE_NEGOCIO has no null values fact_predict
2025-11-19 15:12:14 - INFO - VAC_ACAD_ESTANDAR has no null values fact_predict
2025-11-19 15:12:14 - INFO - DIAS has no null values fact_predict
2025-11-19 15:12:14 - INFO - AFORO has no null values
2025-11-19 15:12:14 - INFO - REWARD has no null values
2025-11-19 15:12:14 - INFO - MIN and MAX has no null values
2025-11-19 15:12:14 - INFO - START and END are in time
2025-11-19 15:12:14 - INFO - START and END has no null values
2025-11-19 15:12:14 - INFO - START and END are in time
2025-11-19 15:12:14 - INFO - FLAG_REWARD has no null values
